12:33:51.712 [main] INFO  testcases.TC003LoginDDT -  Clicked on Login button
12:33:51.727 [main] INFO  testcases.TC003LoginDDT - Provide customer details ...
12:34:01.867 [main] INFO  testcases.TC003LoginDDT - *** Finish  TC003_LoginDDTTest  ***
12:34:01.870 [main] INFO  testcases.TC003LoginDDT - *** Starting  TC003_LoginDDTTest  ***
12:34:01.932 [main] INFO  testcases.TC003LoginDDT -  Clicked on My Account button
12:34:02.316 [main] INFO  testcases.TC003LoginDDT -  Clicked on Login button
12:34:02.316 [main] INFO  testcases.TC003LoginDDT - Provide customer details ...
12:34:13.185 [main] INFO  testcases.TC003LoginDDT - *** Finish  TC003_LoginDDTTest  ***
12:34:55.406 [main] INFO  org.testng.internal.Utils - [TestNG] Running:
  /Users/edgar-ovando/Desktop/JavaProject/Selenium/regression.xml

12:34:55.720 [main] INFO  io.github.bonigarcia.wdm.WebDriverManager - Using chromedriver 144.0.7559.133 (resolved driver for Chrome 144)
12:34:55.771 [main] INFO  io.github.bonigarcia.wdm.WebDriverManager - Exporting webdriver.chrome.driver as /Users/edgar-ovando/.cache/selenium/chromedriver/mac-arm64/144.0.7559.133/chromedriver
12:35:00.815 [main] INFO  testcases.TC003LoginDDT - *** Starting  TC003_LoginDDTTest  ***
12:35:00.867 [main] INFO  testcases.TC003LoginDDT -  Clicked on My Account button
12:35:01.399 [main] INFO  testcases.TC003LoginDDT -  Clicked on Login button
12:35:01.400 [main] INFO  testcases.TC003LoginDDT - Provide customer details ...
12:35:08.871 [main] INFO  testcases.TC003LoginDDT - *** Finish  TC003_LoginDDTTest  ***
12:35:08.879 [main] INFO  testcases.TC003LoginDDT - *** Starting  TC003_LoginDDTTest  ***
12:35:08.923 [main] INFO  testcases.TC003LoginDDT -  Clicked on My Account button
12:35:09.342 [main] INFO  testcases.TC003LoginDDT -  Clicked on Login button
12:35:09.342 [main] INFO  testcases.TC003LoginDDT - Provide customer details ...
12:35:11.872 [main] INFO  testcases.TC003LoginDDT - *** Starting  TC003_LoginDDTTest  ***
12:35:11.929 [main] INFO  testcases.TC003LoginDDT -  Clicked on My Account button
12:35:12.341 [main] INFO  testcases.TC003LoginDDT -  Clicked on Login button
12:35:12.342 [main] INFO  testcases.TC003LoginDDT - Provide customer details ...
12:35:15.103 [main] INFO  testcases.TC003LoginDDT - *** Starting  TC003_LoginDDTTest  ***
12:35:15.149 [main] INFO  testcases.TC003LoginDDT -  Clicked on My Account button
12:35:15.522 [main] INFO  testcases.TC003LoginDDT -  Clicked on Login button
12:35:15.523 [main] INFO  testcases.TC003LoginDDT - Provide customer details ...
12:35:25.677 [main] INFO  testcases.TC003LoginDDT - *** Finish  TC003_LoginDDTTest  ***
12:35:25.681 [main] INFO  testcases.TC003LoginDDT - *** Starting  TC003_LoginDDTTest  ***
12:35:25.735 [main] INFO  testcases.TC003LoginDDT -  Clicked on My Account button
12:35:26.238 [main] INFO  testcases.TC003LoginDDT -  Clicked on Login button
12:35:26.239 [main] INFO  testcases.TC003LoginDDT - Provide customer details ...
12:35:36.403 [main] INFO  testcases.TC003LoginDDT - *** Finish  TC003_LoginDDTTest  ***
13:18:27.925 [main] INFO  org.testng.internal.Utils - [TestNG] Running:
  /Users/edgar-ovando/Desktop/JavaProject/Selenium/regression.xml

13:18:28.236 [main] INFO  io.github.bonigarcia.wdm.WebDriverManager - Using chromedriver 144.0.7559.133 (resolved driver for Chrome 144)
13:18:28.294 [main] INFO  io.github.bonigarcia.wdm.WebDriverManager - Exporting webdriver.chrome.driver as /Users/edgar-ovando/.cache/selenium/chromedriver/mac-arm64/144.0.7559.133/chromedriver
13:18:33.057 [main] INFO  testcases.TC003LoginDDT - *** Starting  TC003_LoginDDTTest  ***
13:18:33.109 [main] INFO  testcases.TC003LoginDDT -  Clicked on My Account button
13:18:33.501 [main] INFO  testcases.TC003LoginDDT -  Clicked on Login button
13:18:33.502 [main] INFO  testcases.TC003LoginDDT - Provide customer details ...
13:18:36.192 [main] INFO  testcases.TC003LoginDDT - *** Finish  TC003_LoginDDTTest  ***
13:18:36.200 [main] INFO  testcases.TC003LoginDDT - *** Starting  TC003_LoginDDTTest  ***
13:18:36.241 [main] INFO  testcases.TC003LoginDDT -  Clicked on My Account button
13:18:36.643 [main] INFO  testcases.TC003LoginDDT -  Clicked on Login button
13:18:36.644 [main] INFO  testcases.TC003LoginDDT - Provide customer details ...
13:18:38.968 [main] INFO  testcases.TC003LoginDDT - *** Starting  TC003_LoginDDTTest  ***
13:18:39.007 [main] INFO  testcases.TC003LoginDDT -  Clicked on My Account button
13:18:39.361 [main] INFO  testcases.TC003LoginDDT -  Clicked on Login button
13:18:39.362 [main] INFO  testcases.TC003LoginDDT - Provide customer details ...
13:18:42.089 [main] INFO  testcases.TC003LoginDDT - *** Starting  TC003_LoginDDTTest  ***
13:18:42.132 [main] INFO  testcases.TC003LoginDDT -  Clicked on My Account button
13:18:42.509 [main] INFO  testcases.TC003LoginDDT -  Clicked on Login button
13:18:42.509 [main] INFO  testcases.TC003LoginDDT - Provide customer details ...
13:18:52.633 [main] INFO  testcases.TC003LoginDDT - *** Finish  TC003_LoginDDTTest  ***
