16:37:08.859 [main] INFO  org.testng.internal.Utils - [TestNG] Running:
  /Users/edgar-ovando/Desktop/JavaProject/Selenium/regression.xml

16:37:09.117 [main] INFO  io.github.bonigarcia.wdm.WebDriverManager - Using chromedriver 144.0.7559.133 (resolved driver for Chrome 144)
16:37:09.166 [main] INFO  io.github.bonigarcia.wdm.WebDriverManager - Exporting webdriver.chrome.driver as /Users/edgar-ovando/.cache/selenium/chromedriver/mac-arm64/144.0.7559.133/chromedriver
16:37:13.039 [main] INFO  testcases.TC003LoginDDT - *** Starting  TC003_LoginDDTTest  ***
16:37:13.084 [main] INFO  testcases.TC003LoginDDT -  Clicked on My Account button
16:37:13.506 [main] INFO  testcases.TC003LoginDDT -  Clicked on Login button
16:37:13.507 [main] INFO  testcases.TC003LoginDDT - Provide customer details ...
16:37:16.377 [main] INFO  testcases.TC003LoginDDT - *** Finish  TC003_LoginDDTTest  ***
16:37:16.388 [main] INFO  testcases.TC003LoginDDT - *** Starting  TC003_LoginDDTTest  ***
16:37:16.423 [main] INFO  testcases.TC003LoginDDT -  Clicked on My Account button
16:37:16.798 [main] INFO  testcases.TC003LoginDDT -  Clicked on Login button
16:37:16.798 [main] INFO  testcases.TC003LoginDDT - Provide customer details ...
16:37:18.965 [main] INFO  testcases.TC003LoginDDT - *** Starting  TC003_LoginDDTTest  ***
16:37:19.003 [main] INFO  testcases.TC003LoginDDT -  Clicked on My Account button
16:37:19.362 [main] INFO  testcases.TC003LoginDDT -  Clicked on Login button
16:37:19.363 [main] INFO  testcases.TC003LoginDDT - Provide customer details ...
16:37:21.764 [main] INFO  testcases.TC003LoginDDT - *** Starting  TC003_LoginDDTTest  ***
16:37:21.806 [main] INFO  testcases.TC003LoginDDT -  Clicked on My Account button
16:37:22.212 [main] INFO  testcases.TC003LoginDDT -  Clicked on Login button
16:37:22.213 [main] INFO  testcases.TC003LoginDDT - Provide customer details ...
16:37:32.349 [main] INFO  testcases.TC003LoginDDT - *** Finish  TC003_LoginDDTTest  ***
16:37:32.351 [main] INFO  testcases.TC003LoginDDT - *** Starting  TC003_LoginDDTTest  ***
16:37:32.399 [main] INFO  testcases.TC003LoginDDT -  Clicked on My Account button
16:37:32.767 [main] INFO  testcases.TC003LoginDDT -  Clicked on Login button
16:37:32.767 [main] INFO  testcases.TC003LoginDDT - Provide customer details ...
16:37:42.886 [main] INFO  testcases.TC003LoginDDT - *** Finish  TC003_LoginDDTTest  ***
